<?xml version="1.0" encoding="UTF-8"?>
<testng-results ignored="0" total="1" passed="1" failed="0" skipped="0">
  <reporter-output>
    <line>
      <![CDATA[The empty browser is Launched]]>
    </line>
    <line>
      <![CDATA[Browser window is Maximized]]>
    </line>
    <line>
      <![CDATA[User Navigted to HomePage Suceesfully]]>
    </line>
    <line>
      <![CDATA[Shop]]>
    </line>
    <line>
      <![CDATA[User Login Sucessfully]]>
    </line>
    <line>
      <![CDATA[User Landed to Home Page Sucessfully]]>
    </line>
    <line>
      <![CDATA[User is Navigated to Mobile Phone Page Sucessfully]]>
    </line>
    <line>
      <![CDATA[User is clicking on Mobile button]]>
    </line>
    <line>
      <![CDATA[Shop. Apple Mobile Page]]>
    </line>
    <line>
      <![CDATA[User Logout Sucessfully]]>
    </line>
    <line>
      <![CDATA[Server Closed Sucessfully]]>
    </line>
  </reporter-output>
  <suite started-at="2023-01-24T13:19:34 IST" name="Default suite" finished-at="2023-01-24T13:19:48 IST" duration-ms="14356">
    <groups>
      <group name="Functionality">
        <method signature="TC_Mobile_001_Test.TC_001_Mobile()[pri:0, instance:MobileModule.TC_Mobile_001_Test@6f96c77]" name="TC_001_Mobile" class="MobileModule.TC_Mobile_001_Test"/>
      </group> <!-- Functionality -->
    </groups>
    <test started-at="2023-01-24T13:19:34 IST" name="Default test" finished-at="2023-01-24T13:19:48 IST" duration-ms="14356">
      <class name="MobileModule.TC_Mobile_001_Test">
        <test-method is-config="true" signature="browserSetUp(java.lang.String)[pri:0, instance:MobileModule.TC_Mobile_001_Test@6f96c77]" started-at="2023-01-24T13:19:34 IST" name="browserSetUp" finished-at="2023-01-24T13:19:41 IST" duration-ms="7155" status="PASS">
          <params>
            <param index="0">
              <value>
                <![CDATA[chrome]]>
              </value>
            </param>
          </params>
          <reporter-output>
            <line>
              <![CDATA[The empty browser is Launched]]>
            </line>
            <line>
              <![CDATA[Browser window is Maximized]]>
            </line>
            <line>
              <![CDATA[User Navigted to HomePage Suceesfully]]>
            </line>
            <line>
              <![CDATA[Shop]]>
            </line>
          </reporter-output>
        </test-method> <!-- browserSetUp -->
        <test-method is-config="true" signature="LoginUser()[pri:0, instance:MobileModule.TC_Mobile_001_Test@6f96c77]" started-at="2023-01-24T13:19:41 IST" name="LoginUser" finished-at="2023-01-24T13:19:44 IST" duration-ms="3141" status="PASS">
          <reporter-output>
            <line>
              <![CDATA[User Login Sucessfully]]>
            </line>
          </reporter-output>
        </test-method> <!-- LoginUser -->
        <test-method signature="TC_001_Mobile()[pri:0, instance:MobileModule.TC_Mobile_001_Test@6f96c77]" started-at="2023-01-24T13:19:44 IST" name="TC_001_Mobile" finished-at="2023-01-24T13:19:46 IST" duration-ms="1945" status="PASS">
          <reporter-output>
            <line>
              <![CDATA[User Landed to Home Page Sucessfully]]>
            </line>
            <line>
              <![CDATA[User is Navigated to Mobile Phone Page Sucessfully]]>
            </line>
            <line>
              <![CDATA[User is clicking on Mobile button]]>
            </line>
            <line>
              <![CDATA[Shop. Apple Mobile Page]]>
            </line>
          </reporter-output>
        </test-method> <!-- TC_001_Mobile -->
        <test-method is-config="true" signature="LogOut()[pri:0, instance:MobileModule.TC_Mobile_001_Test@6f96c77]" started-at="2023-01-24T13:19:46 IST" name="LogOut" finished-at="2023-01-24T13:19:48 IST" duration-ms="1690" status="PASS">
          <reporter-output>
            <line>
              <![CDATA[User Logout Sucessfully]]>
            </line>
          </reporter-output>
        </test-method> <!-- LogOut -->
        <test-method is-config="true" signature="quitBrowser()[pri:0, instance:MobileModule.TC_Mobile_001_Test@6f96c77]" started-at="2023-01-24T13:19:48 IST" name="quitBrowser" finished-at="2023-01-24T13:19:48 IST" duration-ms="358" status="PASS">
          <reporter-output>
            <line>
              <![CDATA[Server Closed Sucessfully]]>
            </line>
          </reporter-output>
        </test-method> <!-- quitBrowser -->
      </class> <!-- MobileModule.TC_Mobile_001_Test -->
    </test> <!-- Default test -->
  </suite> <!-- Default suite -->
</testng-results>
